Drill report for C:\Users\raymond\Documents\KiCad\Miniscope-v4-Wire-Free\KiCad\MiniScope_V4.kicad_pcb
Created on 4/11/2019 3:43:45 PM

Copper Layer Stackup:
    =============================================================
    L1 :  F.Cu                      front
    L2 :  In1.Cu                    in1
    L3 :  In2.Cu                    in2
    L4 :  In3.Cu                    in3
    L5 :  In4.Cu                    in4
    L6 :  B.Cu                      back


Drill file 'MiniScope_V4-PTH.drl' contains
    plated through holes:
    =============================================================
    T1  0.20mm  0.008"  (85 holes)
    T2  1.00mm  0.039"  (8 holes)

    Total plated holes count 93


Drill file 'MiniScope_V4-NPTH.drl' contains
    unplated through holes:
    =============================================================

    Total unplated holes count 0
