Drill report for C:\Users\raymo\Documents\GitHub\Miniscope-v4-Wire-Free\KiCad\v4-Wire-free-Rigid-Flex\WF-Board\WF_Board.kicad_pcb
Created on 9/30/2020 12:33:48 PM

Copper Layer Stackup:
    =============================================================
    L1 :  F.Cu                      front
    L2 :  In1.Cu                    in1
    L3 :  In2.Cu                    in2
    L4 :  In3.Cu                    in3
    L5 :  In4.Cu                    in4
    L6 :  B.Cu                      back


Drill file 'WF_Board-PTH.drl' contains
    plated through holes:
    =============================================================
    T1  0.15mm  0.006"  (233 holes)
    T2  0.65mm  0.026"  (2 holes)

    Total plated holes count 235


Drill file 'WF_Board-NPTH.drl' contains
    unplated through holes:
    =============================================================
    T1  0.50mm  0.020"  (56 holes)
    T2  1.00mm  0.039"  (2 holes)

    Total unplated holes count 58
